2019-06-05 15:58:54,204 django.utils.autoreload INFO     Watching for file changes with StatReloader
2019-06-05 15:59:18,539 logging_app.views ERROR    error-inside sample views
2019-06-05 15:59:28,853 logging_app.views ERROR    error-inside sample views
2019-06-05 15:59:52,555 django.utils.autoreload INFO     /home/csk/PycharmProjects/git/logging_elk_stack/logging_elk_stack/settings.py changed, reloading.
2019-06-05 16:00:14,394 django.utils.autoreload INFO     Watching for file changes with StatReloader
2019-06-05 16:08:41,439 django.utils.autoreload INFO     /home/csk/PycharmProjects/git/logging_elk_stack/logging_elk_stack/settings.py changed, reloading.
2019-06-05 16:08:45,881 django.utils.autoreload INFO     Watching for file changes with StatReloader
2020-04-02 04:07:36,575 django.utils.autoreload INFO     Watching for file changes with StatReloader
2020-04-02 04:11:27,174 django.utils.autoreload INFO     /home/csk/PycharmProjects/git/logging_elk_stack/logging_app/views.py changed, reloading.
2020-04-02 04:11:27,615 django.utils.autoreload INFO     Watching for file changes with StatReloader
2020-04-02 04:11:31,044 django.utils.autoreload INFO     /home/csk/PycharmProjects/git/logging_elk_stack/logging_app/views.py changed, reloading.
2020-04-02 04:11:31,560 django.utils.autoreload INFO     Watching for file changes with StatReloader
2020-04-02 04:11:36,103 django.utils.autoreload INFO     /home/csk/PycharmProjects/git/logging_elk_stack/logging_app/views.py changed, reloading.
2020-04-02 04:11:36,523 django.utils.autoreload INFO     Watching for file changes with StatReloader
2020-04-02 04:11:58,576 logging_app.views ERROR    error-inside sample views
2020-04-02 04:11:58,901 django.request WARNING  Not Found: /favicon.ico
2020-04-02 04:13:30,356 logging_app.views ERROR    error-inside sample views
2020-04-02 04:13:42,058 logging_app.views ERROR    error-inside sample views
2020-04-02 04:17:14,223 logging_app.views ERROR    error-inside sample views
2020-04-02 04:17:16,097 logging_app.views ERROR    error-inside sample views
2020-04-02 04:18:12,845 logging_app.views ERROR    error-inside sample views
2020-04-02 04:18:13,215 logging_app.views ERROR    error-inside sample views
2020-04-02 04:18:13,536 logging_app.views ERROR    error-inside sample views
2020-04-02 04:18:13,851 logging_app.views ERROR    error-inside sample views
2020-04-02 04:18:17,004 logging_app.views ERROR    error-inside sample views
2020-04-02 04:22:56,206 django.utils.autoreload INFO     /home/csk/PycharmProjects/git/logging_elk_stack/logging_app/views.py changed, reloading.
2020-04-02 04:22:56,782 django.utils.autoreload INFO     Watching for file changes with StatReloader
2020-04-02 04:23:38,361 logging_app.views ERROR    error-inside sample views
2020-04-02 04:23:38,362 logging_app.views ERROR    [11:50:53 ERR] {"Info":{"LoggerId":"1a7206fa-85f8-4768-901b-67e554890af4","Environment":"Production","ServerName":"London","ApplicationName":"OCR Cloud Services","TimeStamp":"04/01/2020 11:50:53","Type":"Warning","Message":{"Message":"DB connection Failed. Using Default Keys","ClientName":"Accenture","ClientId":"Accenture","MessageType":"Configuration"}},"ErrorDetails":{"ClassName":"CloudService","Message":"Error in Connection String"}}
2020-04-02 04:23:38,498 logging_app.views ERROR    error-inside sample views
2020-04-02 04:23:38,499 logging_app.views ERROR    [11:50:53 ERR] {"Info":{"LoggerId":"1a7206fa-85f8-4768-901b-67e554890af4","Environment":"Production","ServerName":"London","ApplicationName":"OCR Cloud Services","TimeStamp":"04/01/2020 11:50:53","Type":"Warning","Message":{"Message":"DB connection Failed. Using Default Keys","ClientName":"Accenture","ClientId":"Accenture","MessageType":"Configuration"}},"ErrorDetails":{"ClassName":"CloudService","Message":"Error in Connection String"}}
2020-04-02 04:23:38,774 logging_app.views ERROR    error-inside sample views
2020-04-02 04:23:38,776 logging_app.views ERROR    [11:50:53 ERR] {"Info":{"LoggerId":"1a7206fa-85f8-4768-901b-67e554890af4","Environment":"Production","ServerName":"London","ApplicationName":"OCR Cloud Services","TimeStamp":"04/01/2020 11:50:53","Type":"Warning","Message":{"Message":"DB connection Failed. Using Default Keys","ClientName":"Accenture","ClientId":"Accenture","MessageType":"Configuration"}},"ErrorDetails":{"ClassName":"CloudService","Message":"Error in Connection String"}}
2020-04-02 04:23:38,878 logging_app.views ERROR    error-inside sample views
2020-04-02 04:23:38,879 logging_app.views ERROR    [11:50:53 ERR] {"Info":{"LoggerId":"1a7206fa-85f8-4768-901b-67e554890af4","Environment":"Production","ServerName":"London","ApplicationName":"OCR Cloud Services","TimeStamp":"04/01/2020 11:50:53","Type":"Warning","Message":{"Message":"DB connection Failed. Using Default Keys","ClientName":"Accenture","ClientId":"Accenture","MessageType":"Configuration"}},"ErrorDetails":{"ClassName":"CloudService","Message":"Error in Connection String"}}
2020-04-02 04:23:39,128 logging_app.views ERROR    error-inside sample views
2020-04-02 04:23:39,129 logging_app.views ERROR    [11:50:53 ERR] {"Info":{"LoggerId":"1a7206fa-85f8-4768-901b-67e554890af4","Environment":"Production","ServerName":"London","ApplicationName":"OCR Cloud Services","TimeStamp":"04/01/2020 11:50:53","Type":"Warning","Message":{"Message":"DB connection Failed. Using Default Keys","ClientName":"Accenture","ClientId":"Accenture","MessageType":"Configuration"}},"ErrorDetails":{"ClassName":"CloudService","Message":"Error in Connection String"}}
2020-04-02 04:23:39,248 logging_app.views ERROR    error-inside sample views
2020-04-02 04:23:39,249 logging_app.views ERROR    [11:50:53 ERR] {"Info":{"LoggerId":"1a7206fa-85f8-4768-901b-67e554890af4","Environment":"Production","ServerName":"London","ApplicationName":"OCR Cloud Services","TimeStamp":"04/01/2020 11:50:53","Type":"Warning","Message":{"Message":"DB connection Failed. Using Default Keys","ClientName":"Accenture","ClientId":"Accenture","MessageType":"Configuration"}},"ErrorDetails":{"ClassName":"CloudService","Message":"Error in Connection String"}}
2020-04-02 04:23:39,609 logging_app.views ERROR    error-inside sample views
2020-04-02 04:23:39,621 logging_app.views ERROR    [11:50:53 ERR] {"Info":{"LoggerId":"1a7206fa-85f8-4768-901b-67e554890af4","Environment":"Production","ServerName":"London","ApplicationName":"OCR Cloud Services","TimeStamp":"04/01/2020 11:50:53","Type":"Warning","Message":{"Message":"DB connection Failed. Using Default Keys","ClientName":"Accenture","ClientId":"Accenture","MessageType":"Configuration"}},"ErrorDetails":{"ClassName":"CloudService","Message":"Error in Connection String"}}
2020-04-02 04:36:31,163 logging_app.views ERROR    error-inside sample views
2020-04-02 04:36:31,164 logging_app.views ERROR    [11:50:53 ERR] {"Info":{"LoggerId":"1a7206fa-85f8-4768-901b-67e554890af4","Environment":"Production","ServerName":"London","ApplicationName":"OCR Cloud Services","TimeStamp":"04/01/2020 11:50:53","Type":"Warning","Message":{"Message":"DB connection Failed. Using Default Keys","ClientName":"Accenture","ClientId":"Accenture","MessageType":"Configuration"}},"ErrorDetails":{"ClassName":"CloudService","Message":"Error in Connection String"}}
2020-04-02 04:36:31,911 logging_app.views ERROR    error-inside sample views
2020-04-02 04:36:31,912 logging_app.views ERROR    [11:50:53 ERR] {"Info":{"LoggerId":"1a7206fa-85f8-4768-901b-67e554890af4","Environment":"Production","ServerName":"London","ApplicationName":"OCR Cloud Services","TimeStamp":"04/01/2020 11:50:53","Type":"Warning","Message":{"Message":"DB connection Failed. Using Default Keys","ClientName":"Accenture","ClientId":"Accenture","MessageType":"Configuration"}},"ErrorDetails":{"ClassName":"CloudService","Message":"Error in Connection String"}}
2020-04-02 04:36:32,237 logging_app.views ERROR    error-inside sample views
2020-04-02 04:36:32,237 logging_app.views ERROR    [11:50:53 ERR] {"Info":{"LoggerId":"1a7206fa-85f8-4768-901b-67e554890af4","Environment":"Production","ServerName":"London","ApplicationName":"OCR Cloud Services","TimeStamp":"04/01/2020 11:50:53","Type":"Warning","Message":{"Message":"DB connection Failed. Using Default Keys","ClientName":"Accenture","ClientId":"Accenture","MessageType":"Configuration"}},"ErrorDetails":{"ClassName":"CloudService","Message":"Error in Connection String"}}
2020-04-02 04:36:32,523 logging_app.views ERROR    error-inside sample views
2020-04-02 04:36:32,524 logging_app.views ERROR    [11:50:53 ERR] {"Info":{"LoggerId":"1a7206fa-85f8-4768-901b-67e554890af4","Environment":"Production","ServerName":"London","ApplicationName":"OCR Cloud Services","TimeStamp":"04/01/2020 11:50:53","Type":"Warning","Message":{"Message":"DB connection Failed. Using Default Keys","ClientName":"Accenture","ClientId":"Accenture","MessageType":"Configuration"}},"ErrorDetails":{"ClassName":"CloudService","Message":"Error in Connection String"}}
2020-04-02 04:36:32,781 logging_app.views ERROR    error-inside sample views
2020-04-02 04:36:32,782 logging_app.views ERROR    [11:50:53 ERR] {"Info":{"LoggerId":"1a7206fa-85f8-4768-901b-67e554890af4","Environment":"Production","ServerName":"London","ApplicationName":"OCR Cloud Services","TimeStamp":"04/01/2020 11:50:53","Type":"Warning","Message":{"Message":"DB connection Failed. Using Default Keys","ClientName":"Accenture","ClientId":"Accenture","MessageType":"Configuration"}},"ErrorDetails":{"ClassName":"CloudService","Message":"Error in Connection String"}}
2020-04-02 04:36:33,047 logging_app.views ERROR    error-inside sample views
2020-04-02 04:36:33,047 logging_app.views ERROR    [11:50:53 ERR] {"Info":{"LoggerId":"1a7206fa-85f8-4768-901b-67e554890af4","Environment":"Production","ServerName":"London","ApplicationName":"OCR Cloud Services","TimeStamp":"04/01/2020 11:50:53","Type":"Warning","Message":{"Message":"DB connection Failed. Using Default Keys","ClientName":"Accenture","ClientId":"Accenture","MessageType":"Configuration"}},"ErrorDetails":{"ClassName":"CloudService","Message":"Error in Connection String"}}
2020-04-02 04:36:33,309 logging_app.views ERROR    error-inside sample views
2020-04-02 04:36:33,309 logging_app.views ERROR    [11:50:53 ERR] {"Info":{"LoggerId":"1a7206fa-85f8-4768-901b-67e554890af4","Environment":"Production","ServerName":"London","ApplicationName":"OCR Cloud Services","TimeStamp":"04/01/2020 11:50:53","Type":"Warning","Message":{"Message":"DB connection Failed. Using Default Keys","ClientName":"Accenture","ClientId":"Accenture","MessageType":"Configuration"}},"ErrorDetails":{"ClassName":"CloudService","Message":"Error in Connection String"}}
2020-04-02 04:36:33,549 logging_app.views ERROR    error-inside sample views
2020-04-02 04:36:33,549 logging_app.views ERROR    [11:50:53 ERR] {"Info":{"LoggerId":"1a7206fa-85f8-4768-901b-67e554890af4","Environment":"Production","ServerName":"London","ApplicationName":"OCR Cloud Services","TimeStamp":"04/01/2020 11:50:53","Type":"Warning","Message":{"Message":"DB connection Failed. Using Default Keys","ClientName":"Accenture","ClientId":"Accenture","MessageType":"Configuration"}},"ErrorDetails":{"ClassName":"CloudService","Message":"Error in Connection String"}}
2020-04-02 04:37:54,892 logging_app.views ERROR    error-inside sample views
2020-04-02 04:37:54,892 logging_app.views ERROR    [11:50:53 ERR] {"Info":{"LoggerId":"1a7206fa-85f8-4768-901b-67e554890af4","Environment":"Production","ServerName":"London","ApplicationName":"OCR Cloud Services","TimeStamp":"04/01/2020 11:50:53","Type":"Warning","Message":{"Message":"DB connection Failed. Using Default Keys","ClientName":"Accenture","ClientId":"Accenture","MessageType":"Configuration"}},"ErrorDetails":{"ClassName":"CloudService","Message":"Error in Connection String"}}
2020-04-02 04:37:55,198 logging_app.views ERROR    error-inside sample views
2020-04-02 04:37:55,202 logging_app.views ERROR    [11:50:53 ERR] {"Info":{"LoggerId":"1a7206fa-85f8-4768-901b-67e554890af4","Environment":"Production","ServerName":"London","ApplicationName":"OCR Cloud Services","TimeStamp":"04/01/2020 11:50:53","Type":"Warning","Message":{"Message":"DB connection Failed. Using Default Keys","ClientName":"Accenture","ClientId":"Accenture","MessageType":"Configuration"}},"ErrorDetails":{"ClassName":"CloudService","Message":"Error in Connection String"}}
2020-04-02 04:37:55,460 logging_app.views ERROR    error-inside sample views
2020-04-02 04:37:55,460 logging_app.views ERROR    [11:50:53 ERR] {"Info":{"LoggerId":"1a7206fa-85f8-4768-901b-67e554890af4","Environment":"Production","ServerName":"London","ApplicationName":"OCR Cloud Services","TimeStamp":"04/01/2020 11:50:53","Type":"Warning","Message":{"Message":"DB connection Failed. Using Default Keys","ClientName":"Accenture","ClientId":"Accenture","MessageType":"Configuration"}},"ErrorDetails":{"ClassName":"CloudService","Message":"Error in Connection String"}}
2020-04-02 04:37:55,730 logging_app.views ERROR    error-inside sample views
2020-04-02 04:37:55,730 logging_app.views ERROR    [11:50:53 ERR] {"Info":{"LoggerId":"1a7206fa-85f8-4768-901b-67e554890af4","Environment":"Production","ServerName":"London","ApplicationName":"OCR Cloud Services","TimeStamp":"04/01/2020 11:50:53","Type":"Warning","Message":{"Message":"DB connection Failed. Using Default Keys","ClientName":"Accenture","ClientId":"Accenture","MessageType":"Configuration"}},"ErrorDetails":{"ClassName":"CloudService","Message":"Error in Connection String"}}
2020-04-02 04:41:29,228 logging_app.views ERROR    error-inside sample views
2020-04-02 04:41:29,229 logging_app.views ERROR    [11:50:53 ERR] {"Info":{"LoggerId":"1a7206fa-85f8-4768-901b-67e554890af4","Environment":"Production","ServerName":"London","ApplicationName":"OCR Cloud Services","TimeStamp":"04/01/2020 11:50:53","Type":"Warning","Message":{"Message":"DB connection Failed. Using Default Keys","ClientName":"Accenture","ClientId":"Accenture","MessageType":"Configuration"}},"ErrorDetails":{"ClassName":"CloudService","Message":"Error in Connection String"}}
2020-04-02 04:41:29,845 logging_app.views ERROR    error-inside sample views
2020-04-02 04:41:29,846 logging_app.views ERROR    [11:50:53 ERR] {"Info":{"LoggerId":"1a7206fa-85f8-4768-901b-67e554890af4","Environment":"Production","ServerName":"London","ApplicationName":"OCR Cloud Services","TimeStamp":"04/01/2020 11:50:53","Type":"Warning","Message":{"Message":"DB connection Failed. Using Default Keys","ClientName":"Accenture","ClientId":"Accenture","MessageType":"Configuration"}},"ErrorDetails":{"ClassName":"CloudService","Message":"Error in Connection String"}}
2020-04-02 04:41:30,181 logging_app.views ERROR    error-inside sample views
2020-04-02 04:41:30,181 logging_app.views ERROR    [11:50:53 ERR] {"Info":{"LoggerId":"1a7206fa-85f8-4768-901b-67e554890af4","Environment":"Production","ServerName":"London","ApplicationName":"OCR Cloud Services","TimeStamp":"04/01/2020 11:50:53","Type":"Warning","Message":{"Message":"DB connection Failed. Using Default Keys","ClientName":"Accenture","ClientId":"Accenture","MessageType":"Configuration"}},"ErrorDetails":{"ClassName":"CloudService","Message":"Error in Connection String"}}
2020-04-02 04:41:30,480 logging_app.views ERROR    error-inside sample views
2020-04-02 04:41:30,481 logging_app.views ERROR    [11:50:53 ERR] {"Info":{"LoggerId":"1a7206fa-85f8-4768-901b-67e554890af4","Environment":"Production","ServerName":"London","ApplicationName":"OCR Cloud Services","TimeStamp":"04/01/2020 11:50:53","Type":"Warning","Message":{"Message":"DB connection Failed. Using Default Keys","ClientName":"Accenture","ClientId":"Accenture","MessageType":"Configuration"}},"ErrorDetails":{"ClassName":"CloudService","Message":"Error in Connection String"}}
2020-04-02 04:46:15,198 logging_app.views ERROR    error-inside sample views
2020-04-02 04:46:15,198 logging_app.views ERROR    [11:50:53 ERR] {"Info":{"LoggerId":"1a7206fa-85f8-4768-901b-67e554890af4","Environment":"Production","ServerName":"London","ApplicationName":"OCR Cloud Services","TimeStamp":"04/01/2020 11:50:53","Type":"Warning","Message":{"Message":"DB connection Failed. Using Default Keys","ClientName":"Accenture","ClientId":"Accenture","MessageType":"Configuration"}},"ErrorDetails":{"ClassName":"CloudService","Message":"Error in Connection String"}}
2020-04-02 04:46:15,517 logging_app.views ERROR    error-inside sample views
2020-04-02 04:46:15,518 logging_app.views ERROR    [11:50:53 ERR] {"Info":{"LoggerId":"1a7206fa-85f8-4768-901b-67e554890af4","Environment":"Production","ServerName":"London","ApplicationName":"OCR Cloud Services","TimeStamp":"04/01/2020 11:50:53","Type":"Warning","Message":{"Message":"DB connection Failed. Using Default Keys","ClientName":"Accenture","ClientId":"Accenture","MessageType":"Configuration"}},"ErrorDetails":{"ClassName":"CloudService","Message":"Error in Connection String"}}
2020-04-02 04:46:15,807 logging_app.views ERROR    error-inside sample views
2020-04-02 04:46:15,808 logging_app.views ERROR    [11:50:53 ERR] {"Info":{"LoggerId":"1a7206fa-85f8-4768-901b-67e554890af4","Environment":"Production","ServerName":"London","ApplicationName":"OCR Cloud Services","TimeStamp":"04/01/2020 11:50:53","Type":"Warning","Message":{"Message":"DB connection Failed. Using Default Keys","ClientName":"Accenture","ClientId":"Accenture","MessageType":"Configuration"}},"ErrorDetails":{"ClassName":"CloudService","Message":"Error in Connection String"}}
2020-04-02 04:46:16,092 logging_app.views ERROR    error-inside sample views
2020-04-02 04:46:16,093 logging_app.views ERROR    [11:50:53 ERR] {"Info":{"LoggerId":"1a7206fa-85f8-4768-901b-67e554890af4","Environment":"Production","ServerName":"London","ApplicationName":"OCR Cloud Services","TimeStamp":"04/01/2020 11:50:53","Type":"Warning","Message":{"Message":"DB connection Failed. Using Default Keys","ClientName":"Accenture","ClientId":"Accenture","MessageType":"Configuration"}},"ErrorDetails":{"ClassName":"CloudService","Message":"Error in Connection String"}}
2020-04-02 04:49:19,478 logging_app.views ERROR    error-inside sample views
2020-04-02 04:49:19,479 logging_app.views ERROR    [11:50:53 ERR] {"Info":{"LoggerId":"1a7206fa-85f8-4768-901b-67e554890af4","Environment":"Production","ServerName":"London","ApplicationName":"OCR Cloud Services","TimeStamp":"04/01/2020 11:50:53","Type":"Warning","Message":{"Message":"DB connection Failed. Using Default Keys","ClientName":"Accenture","ClientId":"Accenture","MessageType":"Configuration"}},"ErrorDetails":{"ClassName":"CloudService","Message":"Error in Connection String"}}
2020-04-02 04:49:19,609 logging_app.views ERROR    error-inside sample views
2020-04-02 04:49:19,610 logging_app.views ERROR    [11:50:53 ERR] {"Info":{"LoggerId":"1a7206fa-85f8-4768-901b-67e554890af4","Environment":"Production","ServerName":"London","ApplicationName":"OCR Cloud Services","TimeStamp":"04/01/2020 11:50:53","Type":"Warning","Message":{"Message":"DB connection Failed. Using Default Keys","ClientName":"Accenture","ClientId":"Accenture","MessageType":"Configuration"}},"ErrorDetails":{"ClassName":"CloudService","Message":"Error in Connection String"}}
2020-04-02 04:49:19,846 logging_app.views ERROR    error-inside sample views
2020-04-02 04:49:19,846 logging_app.views ERROR    [11:50:53 ERR] {"Info":{"LoggerId":"1a7206fa-85f8-4768-901b-67e554890af4","Environment":"Production","ServerName":"London","ApplicationName":"OCR Cloud Services","TimeStamp":"04/01/2020 11:50:53","Type":"Warning","Message":{"Message":"DB connection Failed. Using Default Keys","ClientName":"Accenture","ClientId":"Accenture","MessageType":"Configuration"}},"ErrorDetails":{"ClassName":"CloudService","Message":"Error in Connection String"}}
2020-04-02 04:49:20,020 logging_app.views ERROR    error-inside sample views
2020-04-02 04:49:20,021 logging_app.views ERROR    [11:50:53 ERR] {"Info":{"LoggerId":"1a7206fa-85f8-4768-901b-67e554890af4","Environment":"Production","ServerName":"London","ApplicationName":"OCR Cloud Services","TimeStamp":"04/01/2020 11:50:53","Type":"Warning","Message":{"Message":"DB connection Failed. Using Default Keys","ClientName":"Accenture","ClientId":"Accenture","MessageType":"Configuration"}},"ErrorDetails":{"ClassName":"CloudService","Message":"Error in Connection String"}}
2020-04-02 04:49:20,327 logging_app.views ERROR    error-inside sample views
2020-04-02 04:49:20,328 logging_app.views ERROR    [11:50:53 ERR] {"Info":{"LoggerId":"1a7206fa-85f8-4768-901b-67e554890af4","Environment":"Production","ServerName":"London","ApplicationName":"OCR Cloud Services","TimeStamp":"04/01/2020 11:50:53","Type":"Warning","Message":{"Message":"DB connection Failed. Using Default Keys","ClientName":"Accenture","ClientId":"Accenture","MessageType":"Configuration"}},"ErrorDetails":{"ClassName":"CloudService","Message":"Error in Connection String"}}
2020-04-02 04:51:09,914 logging_app.views ERROR    error-inside sample views
2020-04-02 04:51:09,916 logging_app.views ERROR    [11:50:53 ERR] {"Info":{"LoggerId":"1a7206fa-85f8-4768-901b-67e554890af4","Environment":"Production","ServerName":"London","ApplicationName":"OCR Cloud Services","TimeStamp":"04/01/2020 11:50:53","Type":"Warning","Message":{"Message":"DB connection Failed. Using Default Keys","ClientName":"Accenture","ClientId":"Accenture","MessageType":"Configuration"}},"ErrorDetails":{"ClassName":"CloudService","Message":"Error in Connection String"}}
2020-04-02 04:51:10,719 logging_app.views ERROR    error-inside sample views
2020-04-02 04:51:10,719 logging_app.views ERROR    [11:50:53 ERR] {"Info":{"LoggerId":"1a7206fa-85f8-4768-901b-67e554890af4","Environment":"Production","ServerName":"London","ApplicationName":"OCR Cloud Services","TimeStamp":"04/01/2020 11:50:53","Type":"Warning","Message":{"Message":"DB connection Failed. Using Default Keys","ClientName":"Accenture","ClientId":"Accenture","MessageType":"Configuration"}},"ErrorDetails":{"ClassName":"CloudService","Message":"Error in Connection String"}}
2020-04-02 04:51:37,426 logging_app.views ERROR    error-inside sample views
2020-04-02 04:51:37,428 logging_app.views ERROR    [11:50:53 ERR] {"Info":{"LoggerId":"1a7206fa-85f8-4768-901b-67e554890af4","Environment":"Production","ServerName":"London","ApplicationName":"OCR Cloud Services","TimeStamp":"04/01/2020 11:50:53","Type":"Warning","Message":{"Message":"DB connection Failed. Using Default Keys","ClientName":"Accenture","ClientId":"Accenture","MessageType":"Configuration"}},"ErrorDetails":{"ClassName":"CloudService","Message":"Error in Connection String"}}
2020-04-02 04:51:38,355 logging_app.views ERROR    error-inside sample views
2020-04-02 04:51:38,355 logging_app.views ERROR    [11:50:53 ERR] {"Info":{"LoggerId":"1a7206fa-85f8-4768-901b-67e554890af4","Environment":"Production","ServerName":"London","ApplicationName":"OCR Cloud Services","TimeStamp":"04/01/2020 11:50:53","Type":"Warning","Message":{"Message":"DB connection Failed. Using Default Keys","ClientName":"Accenture","ClientId":"Accenture","MessageType":"Configuration"}},"ErrorDetails":{"ClassName":"CloudService","Message":"Error in Connection String"}}
2020-04-02 05:06:48,084 logging_app.views ERROR    error-inside sample views
2020-04-02 05:06:48,084 logging_app.views ERROR    [11:50:53 ERR] {"Info":{"LoggerId":"1a7206fa-85f8-4768-901b-67e554890af4","Environment":"Production","ServerName":"London","ApplicationName":"OCR Cloud Services","TimeStamp":"04/01/2020 11:50:53","Type":"Warning","Message":{"Message":"DB connection Failed. Using Default Keys","ClientName":"Accenture","ClientId":"Accenture","MessageType":"Configuration"}},"ErrorDetails":{"ClassName":"CloudService","Message":"Error in Connection String"}}
2020-04-02 05:06:48,817 logging_app.views ERROR    error-inside sample views
2020-04-02 05:06:48,817 logging_app.views ERROR    [11:50:53 ERR] {"Info":{"LoggerId":"1a7206fa-85f8-4768-901b-67e554890af4","Environment":"Production","ServerName":"London","ApplicationName":"OCR Cloud Services","TimeStamp":"04/01/2020 11:50:53","Type":"Warning","Message":{"Message":"DB connection Failed. Using Default Keys","ClientName":"Accenture","ClientId":"Accenture","MessageType":"Configuration"}},"ErrorDetails":{"ClassName":"CloudService","Message":"Error in Connection String"}}
2020-04-02 05:06:49,078 logging_app.views ERROR    error-inside sample views
2020-04-02 05:06:49,078 logging_app.views ERROR    [11:50:53 ERR] {"Info":{"LoggerId":"1a7206fa-85f8-4768-901b-67e554890af4","Environment":"Production","ServerName":"London","ApplicationName":"OCR Cloud Services","TimeStamp":"04/01/2020 11:50:53","Type":"Warning","Message":{"Message":"DB connection Failed. Using Default Keys","ClientName":"Accenture","ClientId":"Accenture","MessageType":"Configuration"}},"ErrorDetails":{"ClassName":"CloudService","Message":"Error in Connection String"}}
2020-04-02 05:06:49,280 logging_app.views ERROR    error-inside sample views
2020-04-02 05:06:49,280 logging_app.views ERROR    [11:50:53 ERR] {"Info":{"LoggerId":"1a7206fa-85f8-4768-901b-67e554890af4","Environment":"Production","ServerName":"London","ApplicationName":"OCR Cloud Services","TimeStamp":"04/01/2020 11:50:53","Type":"Warning","Message":{"Message":"DB connection Failed. Using Default Keys","ClientName":"Accenture","ClientId":"Accenture","MessageType":"Configuration"}},"ErrorDetails":{"ClassName":"CloudService","Message":"Error in Connection String"}}
2020-04-02 05:08:13,838 logging_app.views ERROR    error-inside sample views
2020-04-02 05:08:13,839 logging_app.views ERROR    [11:50:53 ERR] {"Info":{"LoggerId":"1a7206fa-85f8-4768-901b-67e554890af4","Environment":"Production","ServerName":"London","ApplicationName":"OCR Cloud Services","TimeStamp":"04/01/2020 11:50:53","Type":"Warning","Message":{"Message":"DB connection Failed. Using Default Keys","ClientName":"Accenture","ClientId":"Accenture","MessageType":"Configuration"}},"ErrorDetails":{"ClassName":"CloudService","Message":"Error in Connection String"}}
2020-04-02 05:08:14,821 logging_app.views ERROR    error-inside sample views
2020-04-02 05:08:14,821 logging_app.views ERROR    [11:50:53 ERR] {"Info":{"LoggerId":"1a7206fa-85f8-4768-901b-67e554890af4","Environment":"Production","ServerName":"London","ApplicationName":"OCR Cloud Services","TimeStamp":"04/01/2020 11:50:53","Type":"Warning","Message":{"Message":"DB connection Failed. Using Default Keys","ClientName":"Accenture","ClientId":"Accenture","MessageType":"Configuration"}},"ErrorDetails":{"ClassName":"CloudService","Message":"Error in Connection String"}}
2020-04-02 05:12:19,684 logging_app.views ERROR    error-inside sample views
2020-04-02 05:12:19,685 logging_app.views ERROR    [11:50:53 ERR] {"Info":{"LoggerId":"1a7206fa-85f8-4768-901b-67e554890af4","Environment":"Production","ServerName":"London","ApplicationName":"OCR Cloud Services","TimeStamp":"04/01/2020 11:50:53","Type":"Warning","Message":{"Message":"DB connection Failed. Using Default Keys","ClientName":"Accenture","ClientId":"Accenture","MessageType":"Configuration"}},"ErrorDetails":{"ClassName":"CloudService","Message":"Error in Connection String"}}
2020-04-02 05:12:20,878 logging_app.views ERROR    error-inside sample views
2020-04-02 05:12:20,879 logging_app.views ERROR    [11:50:53 ERR] {"Info":{"LoggerId":"1a7206fa-85f8-4768-901b-67e554890af4","Environment":"Production","ServerName":"London","ApplicationName":"OCR Cloud Services","TimeStamp":"04/01/2020 11:50:53","Type":"Warning","Message":{"Message":"DB connection Failed. Using Default Keys","ClientName":"Accenture","ClientId":"Accenture","MessageType":"Configuration"}},"ErrorDetails":{"ClassName":"CloudService","Message":"Error in Connection String"}}
2020-04-02 05:14:01,102 logging_app.views ERROR    error-inside sample views
2020-04-02 05:14:01,102 logging_app.views ERROR    [11:50:53 ERR] {"Info":{"LoggerId":"1a7206fa-85f8-4768-901b-67e554890af4","Environment":"Production","ServerName":"London","ApplicationName":"OCR Cloud Services","TimeStamp":"04/01/2020 11:50:53","Type":"Warning","Message":{"Message":"DB connection Failed. Using Default Keys","ClientName":"Accenture","ClientId":"Accenture","MessageType":"Configuration"}},"ErrorDetails":{"ClassName":"CloudService","Message":"Error in Connection String"}}
2020-04-02 05:14:01,349 logging_app.views ERROR    error-inside sample views
2020-04-02 05:14:01,350 logging_app.views ERROR    [11:50:53 ERR] {"Info":{"LoggerId":"1a7206fa-85f8-4768-901b-67e554890af4","Environment":"Production","ServerName":"London","ApplicationName":"OCR Cloud Services","TimeStamp":"04/01/2020 11:50:53","Type":"Warning","Message":{"Message":"DB connection Failed. Using Default Keys","ClientName":"Accenture","ClientId":"Accenture","MessageType":"Configuration"}},"ErrorDetails":{"ClassName":"CloudService","Message":"Error in Connection String"}}
2020-04-02 05:14:01,644 logging_app.views ERROR    error-inside sample views
2020-04-02 05:14:01,646 logging_app.views ERROR    [11:50:53 ERR] {"Info":{"LoggerId":"1a7206fa-85f8-4768-901b-67e554890af4","Environment":"Production","ServerName":"London","ApplicationName":"OCR Cloud Services","TimeStamp":"04/01/2020 11:50:53","Type":"Warning","Message":{"Message":"DB connection Failed. Using Default Keys","ClientName":"Accenture","ClientId":"Accenture","MessageType":"Configuration"}},"ErrorDetails":{"ClassName":"CloudService","Message":"Error in Connection String"}}
2020-04-02 05:14:02,067 logging_app.views ERROR    error-inside sample views
2020-04-02 05:14:02,068 logging_app.views ERROR    [11:50:53 ERR] {"Info":{"LoggerId":"1a7206fa-85f8-4768-901b-67e554890af4","Environment":"Production","ServerName":"London","ApplicationName":"OCR Cloud Services","TimeStamp":"04/01/2020 11:50:53","Type":"Warning","Message":{"Message":"DB connection Failed. Using Default Keys","ClientName":"Accenture","ClientId":"Accenture","MessageType":"Configuration"}},"ErrorDetails":{"ClassName":"CloudService","Message":"Error in Connection String"}}
2020-04-02 05:14:02,386 logging_app.views ERROR    error-inside sample views
2020-04-02 05:14:02,389 logging_app.views ERROR    [11:50:53 ERR] {"Info":{"LoggerId":"1a7206fa-85f8-4768-901b-67e554890af4","Environment":"Production","ServerName":"London","ApplicationName":"OCR Cloud Services","TimeStamp":"04/01/2020 11:50:53","Type":"Warning","Message":{"Message":"DB connection Failed. Using Default Keys","ClientName":"Accenture","ClientId":"Accenture","MessageType":"Configuration"}},"ErrorDetails":{"ClassName":"CloudService","Message":"Error in Connection String"}}
2020-04-02 05:14:02,677 logging_app.views ERROR    error-inside sample views
2020-04-02 05:14:02,677 logging_app.views ERROR    [11:50:53 ERR] {"Info":{"LoggerId":"1a7206fa-85f8-4768-901b-67e554890af4","Environment":"Production","ServerName":"London","ApplicationName":"OCR Cloud Services","TimeStamp":"04/01/2020 11:50:53","Type":"Warning","Message":{"Message":"DB connection Failed. Using Default Keys","ClientName":"Accenture","ClientId":"Accenture","MessageType":"Configuration"}},"ErrorDetails":{"ClassName":"CloudService","Message":"Error in Connection String"}}
2020-04-02 05:14:02,911 logging_app.views ERROR    error-inside sample views
2020-04-02 05:14:02,911 logging_app.views ERROR    [11:50:53 ERR] {"Info":{"LoggerId":"1a7206fa-85f8-4768-901b-67e554890af4","Environment":"Production","ServerName":"London","ApplicationName":"OCR Cloud Services","TimeStamp":"04/01/2020 11:50:53","Type":"Warning","Message":{"Message":"DB connection Failed. Using Default Keys","ClientName":"Accenture","ClientId":"Accenture","MessageType":"Configuration"}},"ErrorDetails":{"ClassName":"CloudService","Message":"Error in Connection String"}}
2020-04-02 05:14:03,193 logging_app.views ERROR    error-inside sample views
2020-04-02 05:14:03,194 logging_app.views ERROR    [11:50:53 ERR] {"Info":{"LoggerId":"1a7206fa-85f8-4768-901b-67e554890af4","Environment":"Production","ServerName":"London","ApplicationName":"OCR Cloud Services","TimeStamp":"04/01/2020 11:50:53","Type":"Warning","Message":{"Message":"DB connection Failed. Using Default Keys","ClientName":"Accenture","ClientId":"Accenture","MessageType":"Configuration"}},"ErrorDetails":{"ClassName":"CloudService","Message":"Error in Connection String"}}
2020-04-02 05:14:03,444 logging_app.views ERROR    error-inside sample views
2020-04-02 05:14:03,445 logging_app.views ERROR    [11:50:53 ERR] {"Info":{"LoggerId":"1a7206fa-85f8-4768-901b-67e554890af4","Environment":"Production","ServerName":"London","ApplicationName":"OCR Cloud Services","TimeStamp":"04/01/2020 11:50:53","Type":"Warning","Message":{"Message":"DB connection Failed. Using Default Keys","ClientName":"Accenture","ClientId":"Accenture","MessageType":"Configuration"}},"ErrorDetails":{"ClassName":"CloudService","Message":"Error in Connection String"}}
2020-04-02 05:14:03,697 logging_app.views ERROR    error-inside sample views
2020-04-02 05:14:03,705 logging_app.views ERROR    [11:50:53 ERR] {"Info":{"LoggerId":"1a7206fa-85f8-4768-901b-67e554890af4","Environment":"Production","ServerName":"London","ApplicationName":"OCR Cloud Services","TimeStamp":"04/01/2020 11:50:53","Type":"Warning","Message":{"Message":"DB connection Failed. Using Default Keys","ClientName":"Accenture","ClientId":"Accenture","MessageType":"Configuration"}},"ErrorDetails":{"ClassName":"CloudService","Message":"Error in Connection String"}}
2020-04-02 05:14:03,921 logging_app.views ERROR    error-inside sample views
2020-04-02 05:14:03,921 logging_app.views ERROR    [11:50:53 ERR] {"Info":{"LoggerId":"1a7206fa-85f8-4768-901b-67e554890af4","Environment":"Production","ServerName":"London","ApplicationName":"OCR Cloud Services","TimeStamp":"04/01/2020 11:50:53","Type":"Warning","Message":{"Message":"DB connection Failed. Using Default Keys","ClientName":"Accenture","ClientId":"Accenture","MessageType":"Configuration"}},"ErrorDetails":{"ClassName":"CloudService","Message":"Error in Connection String"}}
2020-04-02 05:14:04,173 logging_app.views ERROR    error-inside sample views
2020-04-02 05:14:04,177 logging_app.views ERROR    [11:50:53 ERR] {"Info":{"LoggerId":"1a7206fa-85f8-4768-901b-67e554890af4","Environment":"Production","ServerName":"London","ApplicationName":"OCR Cloud Services","TimeStamp":"04/01/2020 11:50:53","Type":"Warning","Message":{"Message":"DB connection Failed. Using Default Keys","ClientName":"Accenture","ClientId":"Accenture","MessageType":"Configuration"}},"ErrorDetails":{"ClassName":"CloudService","Message":"Error in Connection String"}}
2020-04-06 11:03:10,859 django.utils.autoreload INFO     Watching for file changes with StatReloader
2020-04-06 11:05:10,257 django.utils.autoreload INFO     /home/csk/PycharmProjects/git/logging_elk_stack/logging_app/views.py changed, reloading.
2020-04-06 11:05:11,063 django.utils.autoreload INFO     Watching for file changes with StatReloader
2020-04-06 11:08:15,740 django.utils.autoreload INFO     /home/csk/PycharmProjects/git/logging_elk_stack/logging_app/views.py changed, reloading.
2020-04-06 11:08:16,172 django.utils.autoreload INFO     Watching for file changes with StatReloader
2020-04-06 11:09:55,891 django.utils.autoreload INFO     /home/csk/PycharmProjects/git/logging_elk_stack/logging_app/views.py changed, reloading.
2020-04-06 11:09:56,316 django.utils.autoreload INFO     Watching for file changes with StatReloader
2020-04-06 11:12:33,336 django.utils.autoreload INFO     /home/csk/PycharmProjects/git/logging_elk_stack/logging_app/views.py changed, reloading.
2020-04-06 11:12:33,766 django.utils.autoreload INFO     Watching for file changes with StatReloader
2020-04-06 11:12:40,307 django.utils.autoreload INFO     /home/csk/PycharmProjects/git/logging_elk_stack/logging_app/views.py changed, reloading.
2020-04-06 11:12:40,734 django.utils.autoreload INFO     Watching for file changes with StatReloader
2020-04-06 11:13:29,871 logging_app.views ERROR    error-inside sample views
2020-04-06 11:13:29,872 logging_app.views ERROR    192.109.130.111 - - "GET /api/ELKLog?LogTYpe=T7 HTTP/1.1" 200 305 "-" "Mozilla/5.0 (Windows NT 10.0; WOW64) AppleWebKit/537.36 (KHTML, like Gecko) Chrome/80.0.3987.149 Safari/537.36"
2020-04-06 11:13:29,872 logging_app.views ERROR    [11:50:53 ERR] {"Info":{"LoggerId":"1a7206fa-85f8-4768-901b-67e554890af4","Environment":"Production","ServerName":"London","ApplicationName":"OCR Cloud Services","TimeStamp":"04/01/2020 11:50:53","Type":"Warning","Message":{"Message":"DB connection Failed. Using Default Keys","ClientName":"Accenture","ClientId":"Accenture","MessageType":"Configuration"}},"ErrorDetails":{"ClassName":"CloudService","Message":"Error in Connection String"}}
2020-04-06 11:13:30,189 django.request WARNING  Not Found: /favicon.ico
2020-04-06 11:13:34,862 logging_app.views ERROR    error-inside sample views
2020-04-06 11:13:34,862 logging_app.views ERROR    192.109.130.111 - - "GET /api/ELKLog?LogTYpe=T7 HTTP/1.1" 200 305 "-" "Mozilla/5.0 (Windows NT 10.0; WOW64) AppleWebKit/537.36 (KHTML, like Gecko) Chrome/80.0.3987.149 Safari/537.36"
2020-04-06 11:13:34,862 logging_app.views ERROR    [11:50:53 ERR] {"Info":{"LoggerId":"1a7206fa-85f8-4768-901b-67e554890af4","Environment":"Production","ServerName":"London","ApplicationName":"OCR Cloud Services","TimeStamp":"04/01/2020 11:50:53","Type":"Warning","Message":{"Message":"DB connection Failed. Using Default Keys","ClientName":"Accenture","ClientId":"Accenture","MessageType":"Configuration"}},"ErrorDetails":{"ClassName":"CloudService","Message":"Error in Connection String"}}
2020-04-06 11:13:35,205 logging_app.views ERROR    error-inside sample views
2020-04-06 11:13:35,207 logging_app.views ERROR    192.109.130.111 - - "GET /api/ELKLog?LogTYpe=T7 HTTP/1.1" 200 305 "-" "Mozilla/5.0 (Windows NT 10.0; WOW64) AppleWebKit/537.36 (KHTML, like Gecko) Chrome/80.0.3987.149 Safari/537.36"
2020-04-06 11:13:35,208 logging_app.views ERROR    [11:50:53 ERR] {"Info":{"LoggerId":"1a7206fa-85f8-4768-901b-67e554890af4","Environment":"Production","ServerName":"London","ApplicationName":"OCR Cloud Services","TimeStamp":"04/01/2020 11:50:53","Type":"Warning","Message":{"Message":"DB connection Failed. Using Default Keys","ClientName":"Accenture","ClientId":"Accenture","MessageType":"Configuration"}},"ErrorDetails":{"ClassName":"CloudService","Message":"Error in Connection String"}}
2020-04-06 11:13:48,292 logging_app.views ERROR    error-inside sample views
2020-04-06 11:13:48,292 logging_app.views ERROR    192.109.130.111 - - "GET /api/ELKLog?LogTYpe=T7 HTTP/1.1" 200 305 "-" "Mozilla/5.0 (Windows NT 10.0; WOW64) AppleWebKit/537.36 (KHTML, like Gecko) Chrome/80.0.3987.149 Safari/537.36"
2020-04-06 11:13:48,292 logging_app.views ERROR    [11:50:53 ERR] {"Info":{"LoggerId":"1a7206fa-85f8-4768-901b-67e554890af4","Environment":"Production","ServerName":"London","ApplicationName":"OCR Cloud Services","TimeStamp":"04/01/2020 11:50:53","Type":"Warning","Message":{"Message":"DB connection Failed. Using Default Keys","ClientName":"Accenture","ClientId":"Accenture","MessageType":"Configuration"}},"ErrorDetails":{"ClassName":"CloudService","Message":"Error in Connection String"}}
2020-04-06 11:13:56,886 logging_app.views ERROR    error-inside sample views
2020-04-06 11:13:56,897 logging_app.views ERROR    192.109.130.111 - - "GET /api/ELKLog?LogTYpe=T7 HTTP/1.1" 200 305 "-" "Mozilla/5.0 (Windows NT 10.0; WOW64) AppleWebKit/537.36 (KHTML, like Gecko) Chrome/80.0.3987.149 Safari/537.36"
2020-04-06 11:13:56,898 logging_app.views ERROR    [11:50:53 ERR] {"Info":{"LoggerId":"1a7206fa-85f8-4768-901b-67e554890af4","Environment":"Production","ServerName":"London","ApplicationName":"OCR Cloud Services","TimeStamp":"04/01/2020 11:50:53","Type":"Warning","Message":{"Message":"DB connection Failed. Using Default Keys","ClientName":"Accenture","ClientId":"Accenture","MessageType":"Configuration"}},"ErrorDetails":{"ClassName":"CloudService","Message":"Error in Connection String"}}
2020-04-06 11:13:57,279 logging_app.views ERROR    error-inside sample views
2020-04-06 11:13:57,280 logging_app.views ERROR    192.109.130.111 - - "GET /api/ELKLog?LogTYpe=T7 HTTP/1.1" 200 305 "-" "Mozilla/5.0 (Windows NT 10.0; WOW64) AppleWebKit/537.36 (KHTML, like Gecko) Chrome/80.0.3987.149 Safari/537.36"
2020-04-06 11:13:57,280 logging_app.views ERROR    [11:50:53 ERR] {"Info":{"LoggerId":"1a7206fa-85f8-4768-901b-67e554890af4","Environment":"Production","ServerName":"London","ApplicationName":"OCR Cloud Services","TimeStamp":"04/01/2020 11:50:53","Type":"Warning","Message":{"Message":"DB connection Failed. Using Default Keys","ClientName":"Accenture","ClientId":"Accenture","MessageType":"Configuration"}},"ErrorDetails":{"ClassName":"CloudService","Message":"Error in Connection String"}}
2020-04-06 11:13:57,562 logging_app.views ERROR    error-inside sample views
2020-04-06 11:13:57,562 logging_app.views ERROR    192.109.130.111 - - "GET /api/ELKLog?LogTYpe=T7 HTTP/1.1" 200 305 "-" "Mozilla/5.0 (Windows NT 10.0; WOW64) AppleWebKit/537.36 (KHTML, like Gecko) Chrome/80.0.3987.149 Safari/537.36"
2020-04-06 11:13:57,562 logging_app.views ERROR    [11:50:53 ERR] {"Info":{"LoggerId":"1a7206fa-85f8-4768-901b-67e554890af4","Environment":"Production","ServerName":"London","ApplicationName":"OCR Cloud Services","TimeStamp":"04/01/2020 11:50:53","Type":"Warning","Message":{"Message":"DB connection Failed. Using Default Keys","ClientName":"Accenture","ClientId":"Accenture","MessageType":"Configuration"}},"ErrorDetails":{"ClassName":"CloudService","Message":"Error in Connection String"}}
2020-04-06 11:13:57,817 logging_app.views ERROR    error-inside sample views
2020-04-06 11:13:57,817 logging_app.views ERROR    192.109.130.111 - - "GET /api/ELKLog?LogTYpe=T7 HTTP/1.1" 200 305 "-" "Mozilla/5.0 (Windows NT 10.0; WOW64) AppleWebKit/537.36 (KHTML, like Gecko) Chrome/80.0.3987.149 Safari/537.36"
2020-04-06 11:13:57,817 logging_app.views ERROR    [11:50:53 ERR] {"Info":{"LoggerId":"1a7206fa-85f8-4768-901b-67e554890af4","Environment":"Production","ServerName":"London","ApplicationName":"OCR Cloud Services","TimeStamp":"04/01/2020 11:50:53","Type":"Warning","Message":{"Message":"DB connection Failed. Using Default Keys","ClientName":"Accenture","ClientId":"Accenture","MessageType":"Configuration"}},"ErrorDetails":{"ClassName":"CloudService","Message":"Error in Connection String"}}
2020-04-06 11:17:25,208 logging_app.views ERROR    error-inside sample views
2020-04-06 11:17:25,209 logging_app.views ERROR    192.109.130.111 - - "GET /api/ELKLog?LogTYpe=T7 HTTP/1.1" 200 305 "-" "Mozilla/5.0 (Windows NT 10.0; WOW64) AppleWebKit/537.36 (KHTML, like Gecko) Chrome/80.0.3987.149 Safari/537.36"
2020-04-06 11:17:25,209 logging_app.views ERROR    [11:50:53 ERR] {"Info":{"LoggerId":"1a7206fa-85f8-4768-901b-67e554890af4","Environment":"Production","ServerName":"London","ApplicationName":"OCR Cloud Services","TimeStamp":"04/01/2020 11:50:53","Type":"Warning","Message":{"Message":"DB connection Failed. Using Default Keys","ClientName":"Accenture","ClientId":"Accenture","MessageType":"Configuration"}},"ErrorDetails":{"ClassName":"CloudService","Message":"Error in Connection String"}}
2020-04-06 11:25:17,687 logging_app.views ERROR    error-inside sample views
2020-04-06 11:25:17,687 logging_app.views ERROR    192.109.130.111 - - "GET /api/ELKLog?LogTYpe=T7 HTTP/1.1" 200 305 "-" "Mozilla/5.0 (Windows NT 10.0; WOW64) AppleWebKit/537.36 (KHTML, like Gecko) Chrome/80.0.3987.149 Safari/537.36"
2020-04-06 11:25:17,688 logging_app.views ERROR    [11:50:53 ERR] {"Info":{"LoggerId":"1a7206fa-85f8-4768-901b-67e554890af4","Environment":"Production","ServerName":"London","ApplicationName":"OCR Cloud Services","TimeStamp":"04/01/2020 11:50:53","Type":"Warning","Message":{"Message":"DB connection Failed. Using Default Keys","ClientName":"Accenture","ClientId":"Accenture","MessageType":"Configuration"}},"ErrorDetails":{"ClassName":"CloudService","Message":"Error in Connection String"}}
2020-04-06 11:25:35,634 logging_app.views ERROR    error-inside sample views
2020-04-06 11:25:35,634 logging_app.views ERROR    192.109.130.111 - - "GET /api/ELKLog?LogTYpe=T7 HTTP/1.1" 200 305 "-" "Mozilla/5.0 (Windows NT 10.0; WOW64) AppleWebKit/537.36 (KHTML, like Gecko) Chrome/80.0.3987.149 Safari/537.36"
2020-04-06 11:25:35,635 logging_app.views ERROR    [11:50:53 ERR] {"Info":{"LoggerId":"1a7206fa-85f8-4768-901b-67e554890af4","Environment":"Production","ServerName":"London","ApplicationName":"OCR Cloud Services","TimeStamp":"04/01/2020 11:50:53","Type":"Warning","Message":{"Message":"DB connection Failed. Using Default Keys","ClientName":"Accenture","ClientId":"Accenture","MessageType":"Configuration"}},"ErrorDetails":{"ClassName":"CloudService","Message":"Error in Connection String"}}
2020-04-06 11:25:35,973 logging_app.views ERROR    error-inside sample views
2020-04-06 11:25:35,974 logging_app.views ERROR    192.109.130.111 - - "GET /api/ELKLog?LogTYpe=T7 HTTP/1.1" 200 305 "-" "Mozilla/5.0 (Windows NT 10.0; WOW64) AppleWebKit/537.36 (KHTML, like Gecko) Chrome/80.0.3987.149 Safari/537.36"
2020-04-06 11:25:35,974 logging_app.views ERROR    [11:50:53 ERR] {"Info":{"LoggerId":"1a7206fa-85f8-4768-901b-67e554890af4","Environment":"Production","ServerName":"London","ApplicationName":"OCR Cloud Services","TimeStamp":"04/01/2020 11:50:53","Type":"Warning","Message":{"Message":"DB connection Failed. Using Default Keys","ClientName":"Accenture","ClientId":"Accenture","MessageType":"Configuration"}},"ErrorDetails":{"ClassName":"CloudService","Message":"Error in Connection String"}}
2020-04-06 11:25:36,290 logging_app.views ERROR    error-inside sample views
2020-04-06 11:25:36,291 logging_app.views ERROR    192.109.130.111 - - "GET /api/ELKLog?LogTYpe=T7 HTTP/1.1" 200 305 "-" "Mozilla/5.0 (Windows NT 10.0; WOW64) AppleWebKit/537.36 (KHTML, like Gecko) Chrome/80.0.3987.149 Safari/537.36"
2020-04-06 11:25:36,291 logging_app.views ERROR    [11:50:53 ERR] {"Info":{"LoggerId":"1a7206fa-85f8-4768-901b-67e554890af4","Environment":"Production","ServerName":"London","ApplicationName":"OCR Cloud Services","TimeStamp":"04/01/2020 11:50:53","Type":"Warning","Message":{"Message":"DB connection Failed. Using Default Keys","ClientName":"Accenture","ClientId":"Accenture","MessageType":"Configuration"}},"ErrorDetails":{"ClassName":"CloudService","Message":"Error in Connection String"}}
2020-04-06 11:25:36,561 logging_app.views ERROR    error-inside sample views
2020-04-06 11:25:36,561 logging_app.views ERROR    192.109.130.111 - - "GET /api/ELKLog?LogTYpe=T7 HTTP/1.1" 200 305 "-" "Mozilla/5.0 (Windows NT 10.0; WOW64) AppleWebKit/537.36 (KHTML, like Gecko) Chrome/80.0.3987.149 Safari/537.36"
2020-04-06 11:25:36,561 logging_app.views ERROR    [11:50:53 ERR] {"Info":{"LoggerId":"1a7206fa-85f8-4768-901b-67e554890af4","Environment":"Production","ServerName":"London","ApplicationName":"OCR Cloud Services","TimeStamp":"04/01/2020 11:50:53","Type":"Warning","Message":{"Message":"DB connection Failed. Using Default Keys","ClientName":"Accenture","ClientId":"Accenture","MessageType":"Configuration"}},"ErrorDetails":{"ClassName":"CloudService","Message":"Error in Connection String"}}
2020-04-06 11:29:54,850 logging_app.views ERROR    error-inside sample views
2020-04-06 11:29:54,850 logging_app.views ERROR    192.109.130.111 - - "GET /api/ELKLog?LogTYpe=T7 HTTP/1.1" 200 305 "-" "Mozilla/5.0 (Windows NT 10.0; WOW64) AppleWebKit/537.36 (KHTML, like Gecko) Chrome/80.0.3987.149 Safari/537.36"
2020-04-06 11:29:54,851 logging_app.views ERROR    [11:50:53 ERR] {"Info":{"LoggerId":"1a7206fa-85f8-4768-901b-67e554890af4","Environment":"Production","ServerName":"London","ApplicationName":"OCR Cloud Services","TimeStamp":"04/01/2020 11:50:53","Type":"Warning","Message":{"Message":"DB connection Failed. Using Default Keys","ClientName":"Accenture","ClientId":"Accenture","MessageType":"Configuration"}},"ErrorDetails":{"ClassName":"CloudService","Message":"Error in Connection String"}}
2020-04-06 11:29:55,792 logging_app.views ERROR    error-inside sample views
2020-04-06 11:29:55,801 logging_app.views ERROR    192.109.130.111 - - "GET /api/ELKLog?LogTYpe=T7 HTTP/1.1" 200 305 "-" "Mozilla/5.0 (Windows NT 10.0; WOW64) AppleWebKit/537.36 (KHTML, like Gecko) Chrome/80.0.3987.149 Safari/537.36"
2020-04-06 11:29:55,806 logging_app.views ERROR    [11:50:53 ERR] {"Info":{"LoggerId":"1a7206fa-85f8-4768-901b-67e554890af4","Environment":"Production","ServerName":"London","ApplicationName":"OCR Cloud Services","TimeStamp":"04/01/2020 11:50:53","Type":"Warning","Message":{"Message":"DB connection Failed. Using Default Keys","ClientName":"Accenture","ClientId":"Accenture","MessageType":"Configuration"}},"ErrorDetails":{"ClassName":"CloudService","Message":"Error in Connection String"}}
2020-04-06 11:29:56,549 logging_app.views ERROR    error-inside sample views
2020-04-06 11:29:56,550 logging_app.views ERROR    192.109.130.111 - - "GET /api/ELKLog?LogTYpe=T7 HTTP/1.1" 200 305 "-" "Mozilla/5.0 (Windows NT 10.0; WOW64) AppleWebKit/537.36 (KHTML, like Gecko) Chrome/80.0.3987.149 Safari/537.36"
2020-04-06 11:29:56,552 logging_app.views ERROR    [11:50:53 ERR] {"Info":{"LoggerId":"1a7206fa-85f8-4768-901b-67e554890af4","Environment":"Production","ServerName":"London","ApplicationName":"OCR Cloud Services","TimeStamp":"04/01/2020 11:50:53","Type":"Warning","Message":{"Message":"DB connection Failed. Using Default Keys","ClientName":"Accenture","ClientId":"Accenture","MessageType":"Configuration"}},"ErrorDetails":{"ClassName":"CloudService","Message":"Error in Connection String"}}
2020-04-06 11:51:35,984 logging_app.views ERROR    error-inside sample views
2020-04-06 11:51:35,985 logging_app.views ERROR    192.109.130.111 - - "GET /api/ELKLog?LogTYpe=T7 HTTP/1.1" 200 305 "-" "Mozilla/5.0 (Windows NT 10.0; WOW64) AppleWebKit/537.36 (KHTML, like Gecko) Chrome/80.0.3987.149 Safari/537.36"
2020-04-06 11:51:35,985 logging_app.views ERROR    [11:50:53 ERR] {"Info":{"LoggerId":"1a7206fa-85f8-4768-901b-67e554890af4","Environment":"Production","ServerName":"London","ApplicationName":"OCR Cloud Services","TimeStamp":"04/01/2020 11:50:53","Type":"Warning","Message":{"Message":"DB connection Failed. Using Default Keys","ClientName":"Accenture","ClientId":"Accenture","MessageType":"Configuration"}},"ErrorDetails":{"ClassName":"CloudService","Message":"Error in Connection String"}}
2020-04-06 11:51:37,088 logging_app.views ERROR    error-inside sample views
2020-04-06 11:51:37,089 logging_app.views ERROR    192.109.130.111 - - "GET /api/ELKLog?LogTYpe=T7 HTTP/1.1" 200 305 "-" "Mozilla/5.0 (Windows NT 10.0; WOW64) AppleWebKit/537.36 (KHTML, like Gecko) Chrome/80.0.3987.149 Safari/537.36"
2020-04-06 11:51:37,089 logging_app.views ERROR    [11:50:53 ERR] {"Info":{"LoggerId":"1a7206fa-85f8-4768-901b-67e554890af4","Environment":"Production","ServerName":"London","ApplicationName":"OCR Cloud Services","TimeStamp":"04/01/2020 11:50:53","Type":"Warning","Message":{"Message":"DB connection Failed. Using Default Keys","ClientName":"Accenture","ClientId":"Accenture","MessageType":"Configuration"}},"ErrorDetails":{"ClassName":"CloudService","Message":"Error in Connection String"}}
2020-04-06 11:55:06,956 logging_app.views ERROR    error-inside sample views
2020-04-06 11:55:06,957 logging_app.views ERROR    192.109.130.111 - - "GET /api/ELKLog?LogTYpe=T7 HTTP/1.1" 200 305 "-" "Mozilla/5.0 (Windows NT 10.0; WOW64) AppleWebKit/537.36 (KHTML, like Gecko) Chrome/80.0.3987.149 Safari/537.36"
2020-04-06 11:55:06,957 logging_app.views ERROR    [11:50:53 ERR] {"Info":{"LoggerId":"1a7206fa-85f8-4768-901b-67e554890af4","Environment":"Production","ServerName":"London","ApplicationName":"OCR Cloud Services","TimeStamp":"04/01/2020 11:50:53","Type":"Warning","Message":{"Message":"DB connection Failed. Using Default Keys","ClientName":"Accenture","ClientId":"Accenture","MessageType":"Configuration"}},"ErrorDetails":{"ClassName":"CloudService","Message":"Error in Connection String"}}
2020-04-06 11:55:07,845 logging_app.views ERROR    error-inside sample views
2020-04-06 11:55:07,846 logging_app.views ERROR    192.109.130.111 - - "GET /api/ELKLog?LogTYpe=T7 HTTP/1.1" 200 305 "-" "Mozilla/5.0 (Windows NT 10.0; WOW64) AppleWebKit/537.36 (KHTML, like Gecko) Chrome/80.0.3987.149 Safari/537.36"
2020-04-06 11:55:07,846 logging_app.views ERROR    [11:50:53 ERR] {"Info":{"LoggerId":"1a7206fa-85f8-4768-901b-67e554890af4","Environment":"Production","ServerName":"London","ApplicationName":"OCR Cloud Services","TimeStamp":"04/01/2020 11:50:53","Type":"Warning","Message":{"Message":"DB connection Failed. Using Default Keys","ClientName":"Accenture","ClientId":"Accenture","MessageType":"Configuration"}},"ErrorDetails":{"ClassName":"CloudService","Message":"Error in Connection String"}}
2020-04-06 11:57:46,888 logging_app.views ERROR    error-inside sample views
2020-04-06 11:57:46,888 logging_app.views ERROR    192.109.130.111 - - "GET /api/ELKLog?LogTYpe=T7 HTTP/1.1" 200 305 "-" "Mozilla/5.0 (Windows NT 10.0; WOW64) AppleWebKit/537.36 (KHTML, like Gecko) Chrome/80.0.3987.149 Safari/537.36"
2020-04-06 11:57:46,889 logging_app.views ERROR    [11:50:53 ERR] {"Info":{"LoggerId":"1a7206fa-85f8-4768-901b-67e554890af4","Environment":"Production","ServerName":"London","ApplicationName":"OCR Cloud Services","TimeStamp":"04/01/2020 11:50:53","Type":"Warning","Message":{"Message":"DB connection Failed. Using Default Keys","ClientName":"Accenture","ClientId":"Accenture","MessageType":"Configuration"}},"ErrorDetails":{"ClassName":"CloudService","Message":"Error in Connection String"}}
2020-04-06 11:57:48,028 logging_app.views ERROR    error-inside sample views
2020-04-06 11:57:48,028 logging_app.views ERROR    192.109.130.111 - - "GET /api/ELKLog?LogTYpe=T7 HTTP/1.1" 200 305 "-" "Mozilla/5.0 (Windows NT 10.0; WOW64) AppleWebKit/537.36 (KHTML, like Gecko) Chrome/80.0.3987.149 Safari/537.36"
2020-04-06 11:57:48,030 logging_app.views ERROR    [11:50:53 ERR] {"Info":{"LoggerId":"1a7206fa-85f8-4768-901b-67e554890af4","Environment":"Production","ServerName":"London","ApplicationName":"OCR Cloud Services","TimeStamp":"04/01/2020 11:50:53","Type":"Warning","Message":{"Message":"DB connection Failed. Using Default Keys","ClientName":"Accenture","ClientId":"Accenture","MessageType":"Configuration"}},"ErrorDetails":{"ClassName":"CloudService","Message":"Error in Connection String"}}
2020-04-06 12:01:29,473 logging_app.views ERROR    error-inside sample views
2020-04-06 12:01:29,473 logging_app.views ERROR    192.109.130.111 - - "GET /api/ELKLog?LogTYpe=T7 HTTP/1.1" 200 305 "-" "Mozilla/5.0 (Windows NT 10.0; WOW64) AppleWebKit/537.36 (KHTML, like Gecko) Chrome/80.0.3987.149 Safari/537.36"
2020-04-06 12:01:29,473 logging_app.views ERROR    [11:50:53 ERR] {"Info":{"LoggerId":"1a7206fa-85f8-4768-901b-67e554890af4","Environment":"Production","ServerName":"London","ApplicationName":"OCR Cloud Services","TimeStamp":"04/01/2020 11:50:53","Type":"Warning","Message":{"Message":"DB connection Failed. Using Default Keys","ClientName":"Accenture","ClientId":"Accenture","MessageType":"Configuration"}},"ErrorDetails":{"ClassName":"CloudService","Message":"Error in Connection String"}}
2020-04-06 12:01:30,598 logging_app.views ERROR    error-inside sample views
2020-04-06 12:01:30,599 logging_app.views ERROR    192.109.130.111 - - "GET /api/ELKLog?LogTYpe=T7 HTTP/1.1" 200 305 "-" "Mozilla/5.0 (Windows NT 10.0; WOW64) AppleWebKit/537.36 (KHTML, like Gecko) Chrome/80.0.3987.149 Safari/537.36"
2020-04-06 12:01:30,600 logging_app.views ERROR    [11:50:53 ERR] {"Info":{"LoggerId":"1a7206fa-85f8-4768-901b-67e554890af4","Environment":"Production","ServerName":"London","ApplicationName":"OCR Cloud Services","TimeStamp":"04/01/2020 11:50:53","Type":"Warning","Message":{"Message":"DB connection Failed. Using Default Keys","ClientName":"Accenture","ClientId":"Accenture","MessageType":"Configuration"}},"ErrorDetails":{"ClassName":"CloudService","Message":"Error in Connection String"}}
2020-04-06 12:11:29,293 logging_app.views ERROR    error-inside sample views
2020-04-06 12:11:29,294 logging_app.views ERROR    192.109.130.111 - - "GET /api/ELKLog?LogTYpe=T7 HTTP/1.1" 200 305 "-" "Mozilla/5.0 (Windows NT 10.0; WOW64) AppleWebKit/537.36 (KHTML, like Gecko) Chrome/80.0.3987.149 Safari/537.36"
2020-04-06 12:11:29,295 logging_app.views ERROR    [11:50:53 ERR] {"Info":{"LoggerId":"1a7206fa-85f8-4768-901b-67e554890af4","Environment":"Production","ServerName":"London","ApplicationName":"OCR Cloud Services","TimeStamp":"04/01/2020 11:50:53","Type":"Warning","Message":{"Message":"DB connection Failed. Using Default Keys","ClientName":"Accenture","ClientId":"Accenture","MessageType":"Configuration"}},"ErrorDetails":{"ClassName":"CloudService","Message":"Error in Connection String"}}
2020-04-06 12:11:31,712 logging_app.views ERROR    error-inside sample views
2020-04-06 12:11:31,712 logging_app.views ERROR    192.109.130.111 - - "GET /api/ELKLog?LogTYpe=T7 HTTP/1.1" 200 305 "-" "Mozilla/5.0 (Windows NT 10.0; WOW64) AppleWebKit/537.36 (KHTML, like Gecko) Chrome/80.0.3987.149 Safari/537.36"
2020-04-06 12:11:31,712 logging_app.views ERROR    [11:50:53 ERR] {"Info":{"LoggerId":"1a7206fa-85f8-4768-901b-67e554890af4","Environment":"Production","ServerName":"London","ApplicationName":"OCR Cloud Services","TimeStamp":"04/01/2020 11:50:53","Type":"Warning","Message":{"Message":"DB connection Failed. Using Default Keys","ClientName":"Accenture","ClientId":"Accenture","MessageType":"Configuration"}},"ErrorDetails":{"ClassName":"CloudService","Message":"Error in Connection String"}}
2020-04-06 12:22:06,824 logging_app.views ERROR    error-inside sample views
2020-04-06 12:22:06,825 logging_app.views ERROR    192.109.130.111 - - "GET /api/ELKLog?LogTYpe=T7 HTTP/1.1" 200 305 "-" "Mozilla/5.0 (Windows NT 10.0; WOW64) AppleWebKit/537.36 (KHTML, like Gecko) Chrome/80.0.3987.149 Safari/537.36"
2020-04-06 12:22:06,826 logging_app.views ERROR    [11:50:53 ERR] {"Info":{"LoggerId":"1a7206fa-85f8-4768-901b-67e554890af4","Environment":"Production","ServerName":"London","ApplicationName":"OCR Cloud Services","TimeStamp":"04/01/2020 11:50:53","Type":"Warning","Message":{"Message":"DB connection Failed. Using Default Keys","ClientName":"Accenture","ClientId":"Accenture","MessageType":"Configuration"}},"ErrorDetails":{"ClassName":"CloudService","Message":"Error in Connection String"}}
2020-04-06 12:22:07,907 logging_app.views ERROR    error-inside sample views
2020-04-06 12:22:07,908 logging_app.views ERROR    192.109.130.111 - - "GET /api/ELKLog?LogTYpe=T7 HTTP/1.1" 200 305 "-" "Mozilla/5.0 (Windows NT 10.0; WOW64) AppleWebKit/537.36 (KHTML, like Gecko) Chrome/80.0.3987.149 Safari/537.36"
2020-04-06 12:22:07,909 logging_app.views ERROR    [11:50:53 ERR] {"Info":{"LoggerId":"1a7206fa-85f8-4768-901b-67e554890af4","Environment":"Production","ServerName":"London","ApplicationName":"OCR Cloud Services","TimeStamp":"04/01/2020 11:50:53","Type":"Warning","Message":{"Message":"DB connection Failed. Using Default Keys","ClientName":"Accenture","ClientId":"Accenture","MessageType":"Configuration"}},"ErrorDetails":{"ClassName":"CloudService","Message":"Error in Connection String"}}
2020-04-06 12:25:17,464 logging_app.views ERROR    error-inside sample views
2020-04-06 12:25:17,464 logging_app.views ERROR    192.109.130.111 - - "GET /api/ELKLog?LogTYpe=T7 HTTP/1.1" 200 305 "-" "Mozilla/5.0 (Windows NT 10.0; WOW64) AppleWebKit/537.36 (KHTML, like Gecko) Chrome/80.0.3987.149 Safari/537.36"
2020-04-06 12:25:17,464 logging_app.views ERROR    [11:50:53 ERR] {"Info":{"LoggerId":"1a7206fa-85f8-4768-901b-67e554890af4","Environment":"Production","ServerName":"London","ApplicationName":"OCR Cloud Services","TimeStamp":"04/01/2020 11:50:53","Type":"Warning","Message":{"Message":"DB connection Failed. Using Default Keys","ClientName":"Accenture","ClientId":"Accenture","MessageType":"Configuration"}},"ErrorDetails":{"ClassName":"CloudService","Message":"Error in Connection String"}}
2020-04-06 12:25:39,060 logging_app.views ERROR    error-inside sample views
2020-04-06 12:25:39,062 logging_app.views ERROR    192.109.130.111 - - "GET /api/ELKLog?LogTYpe=T7 HTTP/1.1" 200 305 "-" "Mozilla/5.0 (Windows NT 10.0; WOW64) AppleWebKit/537.36 (KHTML, like Gecko) Chrome/80.0.3987.149 Safari/537.36"
2020-04-06 12:25:39,062 logging_app.views ERROR    [11:50:53 ERR] {"Info":{"LoggerId":"1a7206fa-85f8-4768-901b-67e554890af4","Environment":"Production","ServerName":"London","ApplicationName":"OCR Cloud Services","TimeStamp":"04/01/2020 11:50:53","Type":"Warning","Message":{"Message":"DB connection Failed. Using Default Keys","ClientName":"Accenture","ClientId":"Accenture","MessageType":"Configuration"}},"ErrorDetails":{"ClassName":"CloudService","Message":"Error in Connection String"}}
2020-04-06 12:25:39,800 logging_app.views ERROR    error-inside sample views
2020-04-06 12:25:39,800 logging_app.views ERROR    192.109.130.111 - - "GET /api/ELKLog?LogTYpe=T7 HTTP/1.1" 200 305 "-" "Mozilla/5.0 (Windows NT 10.0; WOW64) AppleWebKit/537.36 (KHTML, like Gecko) Chrome/80.0.3987.149 Safari/537.36"
2020-04-06 12:25:39,800 logging_app.views ERROR    [11:50:53 ERR] {"Info":{"LoggerId":"1a7206fa-85f8-4768-901b-67e554890af4","Environment":"Production","ServerName":"London","ApplicationName":"OCR Cloud Services","TimeStamp":"04/01/2020 11:50:53","Type":"Warning","Message":{"Message":"DB connection Failed. Using Default Keys","ClientName":"Accenture","ClientId":"Accenture","MessageType":"Configuration"}},"ErrorDetails":{"ClassName":"CloudService","Message":"Error in Connection String"}}
2020-04-06 12:27:54,293 logging_app.views ERROR    error-inside sample views
2020-04-06 12:27:54,294 logging_app.views ERROR    192.109.130.111 - - "GET /api/ELKLog?LogTYpe=T7 HTTP/1.1" 200 305 "-" "Mozilla/5.0 (Windows NT 10.0; WOW64) AppleWebKit/537.36 (KHTML, like Gecko) Chrome/80.0.3987.149 Safari/537.36"
2020-04-06 12:27:54,294 logging_app.views ERROR    [11:50:53 ERR] {"Info":{"LoggerId":"1a7206fa-85f8-4768-901b-67e554890af4","Environment":"Production","ServerName":"London","ApplicationName":"OCR Cloud Services","TimeStamp":"04/01/2020 11:50:53","Type":"Warning","Message":{"Message":"DB connection Failed. Using Default Keys","ClientName":"Accenture","ClientId":"Accenture","MessageType":"Configuration"}},"ErrorDetails":{"ClassName":"CloudService","Message":"Error in Connection String"}}
2020-04-06 12:27:55,734 logging_app.views ERROR    error-inside sample views
2020-04-06 12:27:55,735 logging_app.views ERROR    192.109.130.111 - - "GET /api/ELKLog?LogTYpe=T7 HTTP/1.1" 200 305 "-" "Mozilla/5.0 (Windows NT 10.0; WOW64) AppleWebKit/537.36 (KHTML, like Gecko) Chrome/80.0.3987.149 Safari/537.36"
2020-04-06 12:27:55,735 logging_app.views ERROR    [11:50:53 ERR] {"Info":{"LoggerId":"1a7206fa-85f8-4768-901b-67e554890af4","Environment":"Production","ServerName":"London","ApplicationName":"OCR Cloud Services","TimeStamp":"04/01/2020 11:50:53","Type":"Warning","Message":{"Message":"DB connection Failed. Using Default Keys","ClientName":"Accenture","ClientId":"Accenture","MessageType":"Configuration"}},"ErrorDetails":{"ClassName":"CloudService","Message":"Error in Connection String"}}
2020-04-06 12:32:47,236 logging_app.views ERROR    error-inside sample views
2020-04-06 12:32:47,236 logging_app.views ERROR    192.109.130.111 - - "GET /api/ELKLog?LogTYpe=T7 HTTP/1.1" 200 305 "-" "Mozilla/5.0 (Windows NT 10.0; WOW64) AppleWebKit/537.36 (KHTML, like Gecko) Chrome/80.0.3987.149 Safari/537.36"
2020-04-06 12:32:47,237 logging_app.views ERROR    [11:50:53 ERR] {"Info":{"LoggerId":"1a7206fa-85f8-4768-901b-67e554890af4","Environment":"Production","ServerName":"London","ApplicationName":"OCR Cloud Services","TimeStamp":"04/01/2020 11:50:53","Type":"Warning","Message":{"Message":"DB connection Failed. Using Default Keys","ClientName":"Accenture","ClientId":"Accenture","MessageType":"Configuration"}},"ErrorDetails":{"ClassName":"CloudService","Message":"Error in Connection String"}}
2020-04-06 12:32:49,829 logging_app.views ERROR    error-inside sample views
2020-04-06 12:32:49,829 logging_app.views ERROR    192.109.130.111 - - "GET /api/ELKLog?LogTYpe=T7 HTTP/1.1" 200 305 "-" "Mozilla/5.0 (Windows NT 10.0; WOW64) AppleWebKit/537.36 (KHTML, like Gecko) Chrome/80.0.3987.149 Safari/537.36"
2020-04-06 12:32:49,830 logging_app.views ERROR    [11:50:53 ERR] {"Info":{"LoggerId":"1a7206fa-85f8-4768-901b-67e554890af4","Environment":"Production","ServerName":"London","ApplicationName":"OCR Cloud Services","TimeStamp":"04/01/2020 11:50:53","Type":"Warning","Message":{"Message":"DB connection Failed. Using Default Keys","ClientName":"Accenture","ClientId":"Accenture","MessageType":"Configuration"}},"ErrorDetails":{"ClassName":"CloudService","Message":"Error in Connection String"}}
2020-04-06 12:35:09,300 logging_app.views ERROR    error-inside sample views
2020-04-06 12:35:09,301 logging_app.views ERROR    192.109.130.111 - - "GET /api/ELKLog?LogTYpe=T7 HTTP/1.1" 200 305 "-" "Mozilla/5.0 (Windows NT 10.0; WOW64) AppleWebKit/537.36 (KHTML, like Gecko) Chrome/80.0.3987.149 Safari/537.36"
2020-04-06 12:35:09,301 logging_app.views ERROR    [11:50:53 ERR] {"Info":{"LoggerId":"1a7206fa-85f8-4768-901b-67e554890af4","Environment":"Production","ServerName":"London","ApplicationName":"OCR Cloud Services","TimeStamp":"04/01/2020 11:50:53","Type":"Warning","Message":{"Message":"DB connection Failed. Using Default Keys","ClientName":"Accenture","ClientId":"Accenture","MessageType":"Configuration"}},"ErrorDetails":{"ClassName":"CloudService","Message":"Error in Connection String"}}
2020-04-06 12:35:24,982 logging_app.views ERROR    error-inside sample views
2020-04-06 12:35:24,982 logging_app.views ERROR    192.109.130.111 - - "GET /api/ELKLog?LogTYpe=T7 HTTP/1.1" 200 305 "-" "Mozilla/5.0 (Windows NT 10.0; WOW64) AppleWebKit/537.36 (KHTML, like Gecko) Chrome/80.0.3987.149 Safari/537.36"
2020-04-06 12:35:24,983 logging_app.views ERROR    [11:50:53 ERR] {"Info":{"LoggerId":"1a7206fa-85f8-4768-901b-67e554890af4","Environment":"Production","ServerName":"London","ApplicationName":"OCR Cloud Services","TimeStamp":"04/01/2020 11:50:53","Type":"Warning","Message":{"Message":"DB connection Failed. Using Default Keys","ClientName":"Accenture","ClientId":"Accenture","MessageType":"Configuration"}},"ErrorDetails":{"ClassName":"CloudService","Message":"Error in Connection String"}}
2020-04-06 12:37:59,022 logging_app.views ERROR    error-inside sample views
2020-04-06 12:37:59,022 logging_app.views ERROR    192.109.130.111 - - "GET /api/ELKLog?LogTYpe=T7 HTTP/1.1" 200 305 "-" "Mozilla/5.0 (Windows NT 10.0; WOW64) AppleWebKit/537.36 (KHTML, like Gecko) Chrome/80.0.3987.149 Safari/537.36"
2020-04-06 12:37:59,022 logging_app.views ERROR    [11:50:53 ERR] {"Info":{"LoggerId":"1a7206fa-85f8-4768-901b-67e554890af4","Environment":"Production","ServerName":"London","ApplicationName":"OCR Cloud Services","TimeStamp":"04/01/2020 11:50:53","Type":"Warning","Message":{"Message":"DB connection Failed. Using Default Keys","ClientName":"Accenture","ClientId":"Accenture","MessageType":"Configuration"}},"ErrorDetails":{"ClassName":"CloudService","Message":"Error in Connection String"}}
2020-04-06 12:38:00,745 logging_app.views ERROR    error-inside sample views
2020-04-06 12:38:00,746 logging_app.views ERROR    192.109.130.111 - - "GET /api/ELKLog?LogTYpe=T7 HTTP/1.1" 200 305 "-" "Mozilla/5.0 (Windows NT 10.0; WOW64) AppleWebKit/537.36 (KHTML, like Gecko) Chrome/80.0.3987.149 Safari/537.36"
2020-04-06 12:38:00,746 logging_app.views ERROR    [11:50:53 ERR] {"Info":{"LoggerId":"1a7206fa-85f8-4768-901b-67e554890af4","Environment":"Production","ServerName":"London","ApplicationName":"OCR Cloud Services","TimeStamp":"04/01/2020 11:50:53","Type":"Warning","Message":{"Message":"DB connection Failed. Using Default Keys","ClientName":"Accenture","ClientId":"Accenture","MessageType":"Configuration"}},"ErrorDetails":{"ClassName":"CloudService","Message":"Error in Connection String"}}
2020-04-06 12:41:22,603 logging_app.views ERROR    error-inside sample views
2020-04-06 12:41:22,604 logging_app.views ERROR    192.109.130.111 - - "GET /api/ELKLog?LogTYpe=T7 HTTP/1.1" 200 305 "-" "Mozilla/5.0 (Windows NT 10.0; WOW64) AppleWebKit/537.36 (KHTML, like Gecko) Chrome/80.0.3987.149 Safari/537.36"
2020-04-06 12:41:22,604 logging_app.views ERROR    [11:50:53 ERR] {"Info":{"LoggerId":"1a7206fa-85f8-4768-901b-67e554890af4","Environment":"Production","ServerName":"London","ApplicationName":"OCR Cloud Services","TimeStamp":"04/01/2020 11:50:53","Type":"Warning","Message":{"Message":"DB connection Failed. Using Default Keys","ClientName":"Accenture","ClientId":"Accenture","MessageType":"Configuration"}},"ErrorDetails":{"ClassName":"CloudService","Message":"Error in Connection String"}}
2020-04-06 12:41:23,903 logging_app.views ERROR    error-inside sample views
2020-04-06 12:41:23,903 logging_app.views ERROR    192.109.130.111 - - "GET /api/ELKLog?LogTYpe=T7 HTTP/1.1" 200 305 "-" "Mozilla/5.0 (Windows NT 10.0; WOW64) AppleWebKit/537.36 (KHTML, like Gecko) Chrome/80.0.3987.149 Safari/537.36"
2020-04-06 12:41:23,903 logging_app.views ERROR    [11:50:53 ERR] {"Info":{"LoggerId":"1a7206fa-85f8-4768-901b-67e554890af4","Environment":"Production","ServerName":"London","ApplicationName":"OCR Cloud Services","TimeStamp":"04/01/2020 11:50:53","Type":"Warning","Message":{"Message":"DB connection Failed. Using Default Keys","ClientName":"Accenture","ClientId":"Accenture","MessageType":"Configuration"}},"ErrorDetails":{"ClassName":"CloudService","Message":"Error in Connection String"}}
2020-04-06 12:43:51,634 logging_app.views ERROR    error-inside sample views
2020-04-06 12:43:51,635 logging_app.views ERROR    192.109.130.111 - - "GET /api/ELKLog?LogTYpe=T7 HTTP/1.1" 200 305 "-" "Mozilla/5.0 (Windows NT 10.0; WOW64) AppleWebKit/537.36 (KHTML, like Gecko) Chrome/80.0.3987.149 Safari/537.36"
2020-04-06 12:43:51,635 logging_app.views ERROR    [11:50:53 ERR] {"Info":{"LoggerId":"1a7206fa-85f8-4768-901b-67e554890af4","Environment":"Production","ServerName":"London","ApplicationName":"OCR Cloud Services","TimeStamp":"04/01/2020 11:50:53","Type":"Warning","Message":{"Message":"DB connection Failed. Using Default Keys","ClientName":"Accenture","ClientId":"Accenture","MessageType":"Configuration"}},"ErrorDetails":{"ClassName":"CloudService","Message":"Error in Connection String"}}
2020-04-06 12:43:52,962 logging_app.views ERROR    error-inside sample views
2020-04-06 12:43:52,963 logging_app.views ERROR    192.109.130.111 - - "GET /api/ELKLog?LogTYpe=T7 HTTP/1.1" 200 305 "-" "Mozilla/5.0 (Windows NT 10.0; WOW64) AppleWebKit/537.36 (KHTML, like Gecko) Chrome/80.0.3987.149 Safari/537.36"
2020-04-06 12:43:52,963 logging_app.views ERROR    [11:50:53 ERR] {"Info":{"LoggerId":"1a7206fa-85f8-4768-901b-67e554890af4","Environment":"Production","ServerName":"London","ApplicationName":"OCR Cloud Services","TimeStamp":"04/01/2020 11:50:53","Type":"Warning","Message":{"Message":"DB connection Failed. Using Default Keys","ClientName":"Accenture","ClientId":"Accenture","MessageType":"Configuration"}},"ErrorDetails":{"ClassName":"CloudService","Message":"Error in Connection String"}}
2020-04-07 06:34:17,754 django.utils.autoreload INFO     Watching for file changes with StatReloader
2020-04-07 06:34:43,344 logging_app.views ERROR    error-inside sample views
2020-04-07 06:34:43,345 logging_app.views ERROR    192.109.130.111 - - "GET /api/ELKLog?LogTYpe=T7 HTTP/1.1" 200 305 "-" "Mozilla/5.0 (Windows NT 10.0; WOW64) AppleWebKit/537.36 (KHTML, like Gecko) Chrome/80.0.3987.149 Safari/537.36"
2020-04-07 06:34:43,346 logging_app.views ERROR    [11:50:53 ERR] {"Info":{"LoggerId":"1a7206fa-85fjalkjeflk554890af4","Environment":"Production","ServerName":"London","ApplicationName":"Service","TimeStamp":"04/01/2020 11:50:53","Type":"Warning","Message":{"Message":"DB connection Failed. Using Default Keys","ClientName":"Client","ClientId":"Client","MessageType":"Configuration"}},"ErrorDetails":{"ClassName":"CloudService","Message":"Error in Connection String"}}
2020-04-07 06:34:43,575 django.request WARNING  Not Found: /favicon.ico
2020-04-07 06:34:56,110 logging_app.views ERROR    error-inside sample views
2020-04-07 06:34:56,111 logging_app.views ERROR    192.109.130.111 - - "GET /api/ELKLog?LogTYpe=T7 HTTP/1.1" 200 305 "-" "Mozilla/5.0 (Windows NT 10.0; WOW64) AppleWebKit/537.36 (KHTML, like Gecko) Chrome/80.0.3987.149 Safari/537.36"
2020-04-07 06:34:56,111 logging_app.views ERROR    [11:50:53 ERR] {"Info":{"LoggerId":"1a7206fa-85fjalkjeflk554890af4","Environment":"Production","ServerName":"London","ApplicationName":"Service","TimeStamp":"04/01/2020 11:50:53","Type":"Warning","Message":{"Message":"DB connection Failed. Using Default Keys","ClientName":"Client","ClientId":"Client","MessageType":"Configuration"}},"ErrorDetails":{"ClassName":"CloudService","Message":"Error in Connection String"}}
2020-04-07 06:36:38,952 logging_app.views ERROR    error-inside sample views
2020-04-07 06:36:38,953 logging_app.views ERROR    192.109.130.111 - - "GET /api/ELKLog?LogTYpe=T7 HTTP/1.1" 200 305 "-" "Mozilla/5.0 (Windows NT 10.0; WOW64) AppleWebKit/537.36 (KHTML, like Gecko) Chrome/80.0.3987.149 Safari/537.36"
2020-04-07 06:36:38,953 logging_app.views ERROR    [11:50:53 ERR] {"Info":{"LoggerId":"1a7206fa-85fjalkjeflk554890af4","Environment":"Production","ServerName":"London","ApplicationName":"Service","TimeStamp":"04/01/2020 11:50:53","Type":"Warning","Message":{"Message":"DB connection Failed. Using Default Keys","ClientName":"Client","ClientId":"Client","MessageType":"Configuration"}},"ErrorDetails":{"ClassName":"CloudService","Message":"Error in Connection String"}}
2020-04-07 06:36:39,860 logging_app.views ERROR    error-inside sample views
2020-04-07 06:36:39,861 logging_app.views ERROR    192.109.130.111 - - "GET /api/ELKLog?LogTYpe=T7 HTTP/1.1" 200 305 "-" "Mozilla/5.0 (Windows NT 10.0; WOW64) AppleWebKit/537.36 (KHTML, like Gecko) Chrome/80.0.3987.149 Safari/537.36"
2020-04-07 06:36:39,861 logging_app.views ERROR    [11:50:53 ERR] {"Info":{"LoggerId":"1a7206fa-85fjalkjeflk554890af4","Environment":"Production","ServerName":"London","ApplicationName":"Service","TimeStamp":"04/01/2020 11:50:53","Type":"Warning","Message":{"Message":"DB connection Failed. Using Default Keys","ClientName":"Client","ClientId":"Client","MessageType":"Configuration"}},"ErrorDetails":{"ClassName":"CloudService","Message":"Error in Connection String"}}
